2026-05-06 01:43:38,788 - INFO - Before handling missing values in x_train: (5634, 20) 
 : Index(['gender', 'SeniorCitizen', 'Partner', 'Dependents', 'tenure',
       'PhoneService', 'MultipleLines', 'InternetService', 'OnlineSecurity',
       'OnlineBackup', 'DeviceProtection', 'TechSupport', 'StreamingTV',
       'StreamingMovies', 'Contract', 'PaperlessBilling', 'PaymentMethod',
       'MonthlyCharges', 'TotalCharges', 'Telecom Brands'],
      dtype='str'): gender               0
SeniorCitizen        0
Partner              0
Dependents           0
tenure               0
PhoneService         0
MultipleLines        0
InternetService      0
OnlineSecurity       0
OnlineBackup         0
DeviceProtection     0
TechSupport          0
StreamingTV          0
StreamingMovies      0
Contract             0
PaperlessBilling     0
PaymentMethod        0
MonthlyCharges       0
TotalCharges        10
Telecom Brands       0
dtype: int64
2026-05-06 01:43:38,792 - INFO - After handling missing values in x_test: (5634, 20) 
 : Index(['gender', 'SeniorCitizen', 'Partner', 'Dependents', 'tenure',
       'PhoneService', 'MultipleLines', 'InternetService', 'OnlineSecurity',
       'OnlineBackup', 'DeviceProtection', 'TechSupport', 'StreamingTV',
       'StreamingMovies', 'Contract', 'PaperlessBilling', 'PaymentMethod',
       'MonthlyCharges', 'TotalCharges', 'Telecom Brands'],
      dtype='str') : gender              0
SeniorCitizen       0
Partner             0
Dependents          0
tenure              0
PhoneService        0
MultipleLines       0
InternetService     0
OnlineSecurity      0
OnlineBackup        0
DeviceProtection    0
TechSupport         0
StreamingTV         0
StreamingMovies     0
Contract            0
PaperlessBilling    0
PaymentMethod       0
MonthlyCharges      0
TotalCharges        1
Telecom Brands      0
dtype: int64
2026-05-06 01:43:38,802 - INFO - After handling missing values in x_train: gender               0
SeniorCitizen        0
Partner              0
Dependents           0
tenure               0
PhoneService         0
MultipleLines        0
InternetService      0
OnlineSecurity       0
OnlineBackup         0
DeviceProtection     0
TechSupport          0
StreamingTV          0
StreamingMovies      0
Contract             0
PaperlessBilling     0
PaymentMethod        0
MonthlyCharges       0
Telecom Brands       0
TotalCharges_mode    0
dtype: int64
2026-05-06 01:43:38,804 - INFO - After handling missing values in x_test: gender               0
SeniorCitizen        0
Partner              0
Dependents           0
tenure               0
PhoneService         0
MultipleLines        0
InternetService      0
OnlineSecurity       0
OnlineBackup         0
DeviceProtection     0
TechSupport          0
StreamingTV          0
StreamingMovies      0
Contract             0
PaperlessBilling     0
PaymentMethod        0
MonthlyCharges       0
Telecom Brands       0
TotalCharges_mode    0
dtype: int64
